<?xml version="1.0" encoding="UTF-8"?>
<testng-results ignored="0" total="1" passed="1" failed="0" skipped="0">
  <reporter-output>
  </reporter-output>
  <suite started-at="2025-08-10T10:58:10 IST" name="Suite" finished-at="2025-08-10T10:58:26 IST" duration-ms="16529">
    <groups>
    </groups>
    <test started-at="2025-08-10T10:58:10 IST" name="Test" finished-at="2025-08-10T10:58:26 IST" duration-ms="16529">
      <class name="Testcases.MyFirstTest">
        <test-method is-config="true" signature="login()[pri:0, instance:Testcases.MyFirstTest@3d285d7e]" started-at="2025-08-10T10:58:10 IST" name="login" finished-at="2025-08-10T10:58:22 IST" duration-ms="12082" status="PASS">
          <reporter-output>
          </reporter-output>
        </test-method> <!-- login -->
        <test-method signature="testCaseNumber1()[pri:0, instance:Testcases.MyFirstTest@3d285d7e]" started-at="2025-08-10T10:58:22 IST" name="testCaseNumber1" finished-at="2025-08-10T10:58:26 IST" duration-ms="4211" status="PASS">
          <reporter-output>
          </reporter-output>
        </test-method> <!-- testCaseNumber1 -->
        <test-method is-config="true" signature="closeBrowser()[pri:0, instance:Testcases.MyFirstTest@3d285d7e]" started-at="2025-08-10T10:58:26 IST" name="closeBrowser" finished-at="2025-08-10T10:58:26 IST" duration-ms="147" status="PASS">
          <reporter-output>
          </reporter-output>
        </test-method> <!-- closeBrowser -->
      </class> <!-- Testcases.MyFirstTest -->
    </test> <!-- Test -->
  </suite> <!-- Suite -->
</testng-results>
