<?xml version="1.0" encoding="UTF-8"?>
<testng-results ignored="0" total="1" passed="1" failed="0" skipped="0">
  <reporter-output>
  </reporter-output>
  <suite started-at="2025-08-10T13:59:05 IST" name="Suite" finished-at="2025-08-10T13:59:22 IST" duration-ms="17241">
    <groups>
    </groups>
    <test started-at="2025-08-10T13:59:05 IST" name="Test" finished-at="2025-08-10T13:59:22 IST" duration-ms="17241">
      <class name="Testcases.MyFirstTest">
        <test-method is-config="true" signature="login()[pri:0, instance:Testcases.MyFirstTest@49ec71f8]" started-at="2025-08-10T13:59:05 IST" name="login" finished-at="2025-08-10T13:59:17 IST" duration-ms="12770" status="PASS">
          <reporter-output>
          </reporter-output>
        </test-method> <!-- login -->
        <test-method signature="testCaseNumber1()[pri:0, instance:Testcases.MyFirstTest@49ec71f8]" started-at="2025-08-10T13:59:17 IST" name="testCaseNumber1" finished-at="2025-08-10T13:59:22 IST" duration-ms="4311" status="PASS">
          <reporter-output>
          </reporter-output>
        </test-method> <!-- testCaseNumber1 -->
        <test-method is-config="true" signature="closeBrowser()[pri:0, instance:Testcases.MyFirstTest@49ec71f8]" started-at="2025-08-10T13:59:22 IST" name="closeBrowser" finished-at="2025-08-10T13:59:22 IST" duration-ms="117" status="PASS">
          <reporter-output>
          </reporter-output>
        </test-method> <!-- closeBrowser -->
      </class> <!-- Testcases.MyFirstTest -->
    </test> <!-- Test -->
  </suite> <!-- Suite -->
</testng-results>
